d:\src\rtspclientsharp\examples\libffmpeghelper\x64\debug\libffmpeghelper.pch
d:\src\rtspclientsharp\examples\libffmpeghelper\x64\debug\vc143.pdb
d:\src\rtspclientsharp\examples\libffmpeghelper\x64\debug\vc143.idb
d:\src\rtspclientsharp\examples\libffmpeghelper\x64\debug\stdafx.obj
d:\src\rtspclientsharp\examples\libffmpeghelper\x64\debug\videodecoding.obj
d:\src\rtspclientsharp\examples\libffmpeghelper\x64\debug\dllmain.obj
d:\src\rtspclientsharp\examples\libffmpeghelper\x64\debug\audiodecoding.obj
d:\src\rtspclientsharp\examples\libffmpeghelper\x64\debug\libffmpeghelper.dll
d:\src\rtspclientsharp\examples\libffmpeghelper\x64\debug\libffmpeghelper.pdb
d:\src\rtspclientsharp\examples\libffmpeghelper\x64\debug\libffmpeghelper.lib
d:\src\rtspclientsharp\examples\libffmpeghelper\x64\debug\libffmpeghelper.exp
d:\src\rtspclientsharp\examples\libffmpeghelper\x64\debug\libffmpeghelper.ilk
d:\src\rtspclientsharp\examples\libffmpeghelper\x64\debug\libffmpeghelper.vcxproj.filelistabsolute.txt
d:\src\rtspclientsharp\examples\libffmpeghelper\x64\debug\libffmpeghelper.tlog\cl.command.1.tlog
d:\src\rtspclientsharp\examples\libffmpeghelper\x64\debug\libffmpeghelper.tlog\cl.items.tlog
d:\src\rtspclientsharp\examples\libffmpeghelper\x64\debug\libffmpeghelper.tlog\cl.read.1.tlog
d:\src\rtspclientsharp\examples\libffmpeghelper\x64\debug\libffmpeghelper.tlog\cl.write.1.tlog
d:\src\rtspclientsharp\examples\libffmpeghelper\x64\debug\libffmpeghelper.tlog\link.command.1.tlog
d:\src\rtspclientsharp\examples\libffmpeghelper\x64\debug\libffmpeghelper.tlog\link.read.1.tlog
d:\src\rtspclientsharp\examples\libffmpeghelper\x64\debug\libffmpeghelper.tlog\link.secondary.1.tlog
d:\src\rtspclientsharp\examples\libffmpeghelper\x64\debug\libffmpeghelper.tlog\link.write.1.tlog
